<?xml version="1.0" encoding="UTF-8"?>
<!-- Generated by org.testng.reporters.JUnitReportReporter -->
<testsuite hostname="LAPTOP-N926GS71" failures="0" tests="4" name="restAssuredCRUD.Rest_Comments" time="2.492" errors="0" timestamp="2022-08-18T16:09:20 IST" skipped="0">
  <testcase classname="restAssuredCRUD.Rest_Comments" name="getTest_Comments" time="2.305"/>
  <system-out/>
  <testcase classname="restAssuredCRUD.Rest_Comments" name="postTest_Comments" time="0.103"/>
  <system-out/>
  <testcase classname="restAssuredCRUD.Rest_Comments" name="putTest_Comments" time="0.040"/>
  <system-out/>
  <testcase classname="restAssuredCRUD.Rest_Comments" name="deleteTest_Comments" time="0.044"/>
  <system-out/>
</testsuite> <!-- restAssuredCRUD.Rest_Comments -->
