<?xml version="1.0" encoding="UTF-8"?>
<!-- Generated by org.testng.reporters.JUnitReportReporter -->
<testsuite hostname="LAPTOP-N926GS71" failures="0" tests="4" name="restAssuredCRUD.Rest_Profile" time="2.850" errors="0" timestamp="2022-08-18T09:38:06 IST" skipped="0">
  <testcase classname="restAssuredCRUD.Rest_Profile" name="getTest_Profile" time="2.645"/>
  <system-out/>
  <testcase classname="restAssuredCRUD.Rest_Profile" name="postTest_Profile" time="0.091"/>
  <system-out/>
  <testcase classname="restAssuredCRUD.Rest_Profile" name="putTest_Profile" time="0.056"/>
  <system-out/>
  <testcase classname="restAssuredCRUD.Rest_Profile" name="deleteTest_Profile" time="0.058"/>
  <system-out/>
</testsuite> <!-- restAssuredCRUD.Rest_Profile -->
