<?xml version="1.0" encoding="UTF-8"?>
<!-- Generated by org.testng.reporters.JUnitReportReporter -->
<testsuite hostname="LAPTOP-N926GS71" failures="0" tests="4" name="restAssuredCRUD.Rest_Posts" time="2.499" errors="0" timestamp="2022-08-18T16:08:58 IST" skipped="0">
  <testcase classname="restAssuredCRUD.Rest_Posts" name="getTest_Posts" time="2.276"/>
  <system-out/>
  <testcase classname="restAssuredCRUD.Rest_Posts" name="postTest_Posts" time="0.133"/>
  <system-out/>
  <testcase classname="restAssuredCRUD.Rest_Posts" name="putTest_Posts" time="0.057"/>
  <system-out/>
  <testcase classname="restAssuredCRUD.Rest_Posts" name="deleteTest_Posts" time="0.033"/>
  <system-out/>
</testsuite> <!-- restAssuredCRUD.Rest_Posts -->
